current directory: /home/najma/Documents/Moringa/Development/Code/Phase4/rails-bucket-list-backend/Documents/Moringa/De/ruby/2.7.0/gems/puma-5.6.6/ext/puma_http11
/home/najma/.rbenv/versions/2.7.4/bin/ruby -I /home/najma/.rbenv/versions/2.7.4/lib/ruby/2.7.0 -r ./siteconf20230705-32993-199eiur.rb extconf.rb
checking for BIO_read() in -lcrypto... yes
checking for SSL_CTX_new() in -lssl... yes
checking for openssl/bio.h... yes
checking for DTLS_method() in openssl/ssl.h... yes
checking for TLS_server_method() in openssl/ssl.h... yes
checking for SSL_CTX_set_min_proto_version(NULL, 0) in openssl/ssl.h... yes
checking for X509_STORE_up_ref()... yes
checking for SSL_CTX_set_ecdh_auto(NULL, 0) in openssl/ssl.h... yes
checking for SSL_CTX_set_dh_auto(NULL, 0) in openssl/ssl.h... yes
checking for SSL_get1_peer_certificate() in openssl/ssl.h... no
checking for Random.bytes... yes
creating Makefile

current directory: /home/najma/Documents/Moringa/Development/Code/Phase4/rails-bucket-list-backend/Documents/Moringa/De/ruby/2.7.0/gems/puma-5.6.6/ext/puma_http11
make "DESTDIR=" clean

current directory: /home/najma/Documents/Moringa/Development/Code/Phase4/rails-bucket-list-backend/Documents/Moringa/De/ruby/2.7.0/gems/puma-5.6.6/ext/puma_http11
make "DESTDIR="
compiling http11_parser.c
compiling mini_ssl.c
compiling puma_http11.c
linking shared-object puma/puma_http11.so

current directory: /home/najma/Documents/Moringa/Development/Code/Phase4/rails-bucket-list-backend/Documents/Moringa/De/ruby/2.7.0/gems/puma-5.6.6/ext/puma_http11
make "DESTDIR=" install
/bin/install -c -m 0755 puma_http11.so ./.gem.20230705-32993-1cm6tnp/puma
